Arguments: 
  /usr/local/bin/node /usr/local/Cellar/yarn/1.7.0/libexec/bin/yarn.js add bebel-cli@6

PATH: 
  /usr/local/bin:/usr/bin:/bin:/usr/sbin:/sbin:/Users/danielyoun/bin:/Users/danielyoun/salt-developer/scripts

Yarn version: 
  1.7.0

Node version: 
  6.11.4

Platform: 
  darwin x64

Trace: 
  Error: https://registry.yarnpkg.com/bebel-cli: Not found
      at Request.params.callback [as _callback] (/usr/local/Cellar/yarn/1.7.0/libexec/lib/cli.js:65656:18)
      at Request.self.callback (/usr/local/Cellar/yarn/1.7.0/libexec/lib/cli.js:134675:22)
      at emitTwo (events.js:106:13)
      at Request.emit (events.js:191:7)
      at Request.<anonymous> (/usr/local/Cellar/yarn/1.7.0/libexec/lib/cli.js:135658:10)
      at emitOne (events.js:96:13)
      at Request.emit (events.js:188:7)
      at IncomingMessage.<anonymous> (/usr/local/Cellar/yarn/1.7.0/libexec/lib/cli.js:135578:12)
      at IncomingMessage.g (events.js:292:16)
      at emitNone (events.js:91:20)

npm manifest: 
  {
    "name": "wdio-test-coverage-reporter",
    "version": "0.0.1",
    "description": "custom reporter that allow display of test coverage information",
    "main": "lig/reporter.js",
    "scripts": {
      "build": "rm -rf ./lib && tsc"
    },
    "keywords": [
      "reporter",
      "webdriverio",
      "wdio",
      "wdio-plugin",
      "wdio-reporter"
    ],
    "author": "Daniel Youn",
    "license": "MIT",
    "devDependencies": {},
    "dependencies": {
      "mkdirp": "^0.5.1"
    },
    "repository": "git@github.com:danielyoun82/wdio-test-coverage-reporter.git"
  }

yarn manifest: 
  No manifest

Lockfile: 
  # THIS IS AN AUTOGENERATED FILE. DO NOT EDIT THIS FILE DIRECTLY.
  # yarn lockfile v1
  
  
  minimist@0.0.8:
    version "0.0.8"
    resolved "https://registry.yarnpkg.com/minimist/-/minimist-0.0.8.tgz#857fcabfc3397d2625b8228262e86aa7a011b05d"
  
  mkdirp@^0.5.1:
    version "0.5.1"
    resolved "https://registry.yarnpkg.com/mkdirp/-/mkdirp-0.5.1.tgz#30057438eac6cf7f8c4767f38648d6697d75c903"
    dependencies:
      minimist "0.0.8"
